  tep3.cpp
C:\Users\mario\source\repos\tep3\tep3\Dynamic.h(103,23): warning C4018: '<': signed/unsigned mismatch
C:\Users\mario\source\repos\tep3\tep3\Dynamic.h(101): message : while compiling class template member function 'NodeDynamic<int>::~NodeDynamic(void)'
C:\Users\mario\source\repos\tep3\tep3\tep3.cpp(38): message : see reference to function template instantiation 'NodeDynamic<int>::~NodeDynamic(void)' being compiled
C:\Users\mario\source\repos\tep3\tep3\tep3.cpp(38): message : see reference to class template instantiation 'NodeDynamic<int>' being compiled
C:\Users\mario\source\repos\tep3\tep3\Dynamic.h(154,41): warning C4018: '<': signed/unsigned mismatch
C:\Users\mario\source\repos\tep3\tep3\Dynamic.h(153): message : while compiling class template member function 'NodeDynamic<int> *NodeDynamic<int>::getChild(int)'
C:\Users\mario\source\repos\tep3\tep3\tep3.cpp(43): message : see reference to function template instantiation 'NodeDynamic<int> *NodeDynamic<int>::getChild(int)' being compiled
C:\Users\mario\source\repos\tep3\tep3\Dynamic.h(174,23): warning C4018: '<': signed/unsigned mismatch
C:\Users\mario\source\repos\tep3\tep3\Dynamic.h(172): message : while compiling class template member function 'void NodeDynamic<int>::printAllBelow(void)'
C:\Users\mario\source\repos\tep3\tep3\tep3.cpp(58): message : see reference to function template instantiation 'void NodeDynamic<int>::printAllBelow(void)' being compiled
C:\Users\mario\source\repos\tep3\tep3\Dynamic.h(197,23): warning C4018: '<': signed/unsigned mismatch
C:\Users\mario\source\repos\tep3\tep3\Dynamic.h(196): message : while compiling class template member function 'bool NodeDynamic<int>::removeChildNode(NodeDynamic<int> *)'
C:\Users\mario\source\repos\tep3\tep3\Dynamic.h(90): message : see reference to function template instantiation 'bool NodeDynamic<int>::removeChildNode(NodeDynamic<int> *)' being compiled
C:\Users\mario\source\repos\tep3\tep3\Dynamic.h(95): message : while compiling class template member function 'NodeDynamic<int>::NodeDynamic(void)'
C:\Users\mario\source\repos\tep3\tep3\tep3.cpp(38): message : see reference to function template instantiation 'NodeDynamic<int>::NodeDynamic(void)' being compiled
C:\Users\mario\source\repos\tep3\tep3\Dynamic.h(113,23): warning C4018: '<': signed/unsigned mismatch
C:\Users\mario\source\repos\tep3\tep3\Dynamic.h(110): message : while compiling class template member function 'NodeDynamic<int>::NodeDynamic(const NodeDynamic<int> &)'
C:\Users\mario\source\repos\tep3\tep3\Dynamic.h(66): message : see reference to function template instantiation 'NodeDynamic<int>::NodeDynamic(const NodeDynamic<int> &)' being compiled
C:\Users\mario\source\repos\tep3\tep3\Dynamic.h(136): message : while compiling class template member function 'T NodeDynamic<T>::getValue(void)'
          with
          [
              T=int
          ]
C:\Users\mario\source\repos\tep3\tep3\tep3.cpp(172): message : see reference to function template instantiation 'T NodeDynamic<T>::getValue(void)' being compiled
          with
          [
              T=int
          ]
  tep3.vcxproj -> C:\Users\mario\source\repos\tep3\Debug\tep3.exe
